2015-04-23 23:42:10 Info: L'administrateur a consulté toutes les activités des utilisateurs.
2015-04-23 23:42:16 Info: L'administrateur Administrateur  a consulté les statistiques 
2015-04-23 23:43:08 Info: L'administrateur Administrateur  a consulté les statistiques 
2015-04-23 23:45:26 Info: L'administrateur Administrateur  a consulté les statistiques 
2015-04-23 23:45:56 Info: L'administrateur Administrateur  a consulté les statistiques 
2015-04-23 23:46:09 Info: L'administrateur Administrateur  a consulté les statistiques 
2015-04-23 23:46:31 Info: L'administrateur Administrateur  a consulté les statistiques 
2015-04-23 23:46:51 Info: L'administrateur Administrateur  a consulté les statistiques 
2015-04-23 23:47:07 Info: L'administrateur Administrateur  a consulté les statistiques 
2015-04-23 23:47:39 Info: L'administrateur Administrateur  a consulté les statistiques 
2015-04-23 23:48:32 Info: L'administrateur Administrateur  a consulté les statistiques 
2015-04-23 23:48:53 Info: L'administrateur Administrateur  a consulté les statistiques 
2015-04-23 23:49:11 Info: L'administrateur Administrateur  a consulté les statistiques 
2015-04-23 23:51:25 Info: L'administrateur Administrateur  a consulté les statistiques 
2015-04-23 23:51:53 Info: L'administrateur Administrateur  a consulté les statistiques 
2015-04-23 23:53:34 Info: L'administrateur Administrateur  a consulté les statistiques 
2015-04-23 23:54:10 Info: L'administrateur Administrateur  a consulté les statistiques 
2015-04-23 23:55:21 Info: L'administrateur Administrateur  a consulté les statistiques 
2015-04-23 23:56:55 Info: L'administrateur Administrateur  a consulté les statistiques 
2015-04-23 23:57:53 Info: L'administrateur Administrateur  a consulté les statistiques 
2015-04-23 23:59:52 Info: L'administrateur Administrateur  s'est déconnecté.
2015-04-24 00:01:06 Info: Le responsable des admissions Fathi Felhi s'est connecté.
2015-04-24 00:01:07 Info: Le responsable des admissions Fathi Felhi a consulté le formulaire d'admission
2015-04-24 00:03:30 Info: Le responsable des admissions Fathi Felhi a ajouté un nouveau dossier patient
2015-04-24 00:03:31 Info: Le responsable des admissions Fathi Felhi a consulté le formulaire d'admission
2015-04-24 00:03:35 Info: Le responsable des admissions Fathi Felhi a consulté la liste des employés
2015-04-24 00:03:42 Info: Le responsable des admissions Fathi Felhi a consulté le formulaire d'admission
2015-04-24 00:03:45 Info: Le responsable des admissions Fathi Felhi a effectué une recherche d'un employé
2015-04-24 00:03:48 Info: Le responsable des admissions Fathi Felhi a consulté le dossier du patient Mehdi Moalla
2015-04-24 00:04:00 Info: Le responsable des admissions Fathi Felhi a effectué une recherche d'un employé
2015-04-24 00:04:03 Info: Le responsable des admissions Fathi Felhi a consulté le dossier du patient Mehdi Moalla
2015-04-24 00:04:06 Info: Le responsable des admissions Fathi Felhi a consulté le formulaire d'admission
2015-04-24 00:05:57 Info: Le responsable des admissions Fathi Felhi a consulté le formulaire d'admission
2015-04-24 00:08:57 Info: Le responsable des admissions Fathi Felhi s'est déconnecté.
2015-04-24 00:09:05 Info: Le responsable des admissions Fathi Felhi s'est connecté.
2015-04-24 00:09:06 Info: Le responsable des admissions Fathi Felhi a consulté le formulaire d'admission
2015-04-24 00:09:10 Info: Le responsable des admissions Fathi Felhi a consulté la liste des employés
2015-04-24 00:09:12 Info: Le responsable des admissions Fathi Felhi a effectué une recherche d'un employé
2015-04-24 00:09:15 Info: Le responsable des admissions Fathi Felhi a consulté le dossier du patient Mehdi Moalla
2015-04-24 00:09:49 Info: Le responsable des admissions Fathi Felhi a consulté le formulaire d'admission
2015-04-24 00:09:53 Info: Le responsable des admissions Fathi Felhi a effectué une recherche d'un employé
2015-04-24 00:09:56 Info: Le responsable des admissions Fathi Felhi a consulté le dossier du patient Mehdi Moalla
2015-04-24 00:11:01 Info: Le responsable des admissions Fathi Felhi a consulté le formulaire d'admission
2015-04-24 00:11:06 Info: Le responsable des admissions Fathi Felhi a effectué une recherche d'un employé
2015-04-24 00:11:09 Info: Le responsable des admissions Fathi Felhi a consulté le dossier du patient Mehdi Moalla
2015-04-24 00:11:23 Info: Le responsable des admissions Fathi Felhi a consulté le formulaire d'admission
2015-04-24 00:11:27 Info: Le responsable des admissions Fathi Felhi a effectué une recherche d'un employé
2015-04-24 00:11:30 Info: Le responsable des admissions Fathi Felhi a consulté le dossier du patient Mehdi Moalla
2015-04-24 00:13:12 Info: Le responsable des admissions Fathi Felhi a consulté le formulaire d'admission
2015-04-24 00:13:16 Info: Le responsable des admissions Fathi Felhi a effectué une recherche d'un employé
2015-04-24 00:13:19 Info: Le responsable des admissions Fathi Felhi a consulté le dossier du patient Mehdi Moalla
2015-04-24 00:17:43 Info: Le responsable des admissions Fathi Felhi a consulté la liste des employés
2015-04-24 00:17:58 Info: Le responsable des admissions Fathi Felhi a consulté le formulaire d'admission
2015-04-24 00:18:02 Info: Le responsable des admissions Fathi Felhi a effectué une recherche d'un employé
2015-04-24 00:18:04 Info: Le responsable des admissions Fathi Felhi a consulté le dossier du patient Mehdi Moalla
2015-04-24 00:18:17 Info: Le responsable des admissions Fathi Felhi a consulté le formulaire d'admission
2015-04-24 00:18:22 Info: Le responsable des admissions Fathi Felhi a effectué une recherche d'un employé
2015-04-24 00:18:25 Info: Le responsable des admissions Fathi Felhi a consulté le dossier du patient Mehdi Moalla
2015-04-24 00:18:39 Info: Le responsable des admissions Fathi Felhi a effectué une recherche d'un employé
2015-04-24 00:19:48 Info: Le responsable des admissions Fathi Felhi a effectué une recherche d'un employé
2015-04-24 00:20:18 Info: Le responsable des admissions Fathi Felhi a effectué une recherche d'un employé
2015-04-24 00:21:40 Info: Le responsable des admissions Fathi Felhi a consulté le formulaire d'admission
2015-04-24 00:22:11 Info: Le responsable des admissions Fathi Felhi a consulté le formulaire d'admission
2015-04-24 00:22:16 Info: Le responsable des admissions Fathi Felhi a effectué une recherche d'un employé
2015-04-24 00:26:25 Info: Le responsable des admissions Fathi Felhi a consulté le formulaire d'admission
2015-04-24 00:26:29 Info: Le responsable des admissions Fathi Felhi a effectué une recherche d'un employé
2015-04-24 00:35:21 Info: Le responsable des admissions Fathi Felhi a consulté le formulaire d'admission
2015-04-24 00:35:25 Info: Le responsable des admissions Fathi Felhi a effectué une recherche d'un employé
2015-04-24 00:36:13 Info: Le responsable des admissions Fathi Felhi a consulté le formulaire d'admission
2015-04-24 00:36:16 Info: Le responsable des admissions Fathi Felhi a effectué une recherche d'un employé
2015-04-24 00:36:24 Info: Le responsable des admissions Fathi Felhi a consulté le dossier du patient Mehdi Moalla
2015-04-24 00:36:27 Info: Le responsable des admissions Fathi Felhi a effectué une recherche d'un employé
2015-04-24 00:36:39 Info: Le responsable des admissions Fathi Felhi a consulté le dossier du patient Mehdi Moalla
2015-04-24 00:42:44 Info: Le responsable des admissions Fathi Felhi a consulté le formulaire d'admission
2015-04-24 00:42:49 Info: Le responsable des admissions Fathi Felhi a effectué une recherche d'un employé
2015-04-24 00:42:51 Info: Le responsable des admissions Fathi Felhi a consulté le dossier du patient Mehdi Moalla
2015-04-24 00:44:18 Info: Le responsable des admissions Fathi Felhi a consulté le formulaire d'admission
2015-04-24 00:44:23 Info: Le responsable des admissions Fathi Felhi a effectué une recherche d'un employé
2015-04-24 00:44:26 Info: Le responsable des admissions Fathi Felhi a consulté le dossier du patient Mehdi Moalla
2015-04-24 00:46:00 Info: Le responsable des admissions Fathi Felhi a consulté le formulaire d'admission
2015-04-24 00:46:16 Info: Le responsable des admissions Fathi Felhi a effectué une recherche d'un employé
2015-04-24 00:46:19 Info: Le responsable des admissions Fathi Felhi a consulté le dossier du patient Mehdi Moalla
2015-04-24 00:47:53 Info: Le responsable des admissions Fathi Felhi a consulté le formulaire d'admission
2015-04-24 00:47:57 Info: Le responsable des admissions Fathi Felhi a effectué une recherche d'un employé
2015-04-24 00:48:00 Info: Le responsable des admissions Fathi Felhi a consulté le dossier du patient Mehdi Moalla
2015-04-24 00:50:39 Info: Le responsable des admissions Fathi Felhi a consulté le formulaire d'admission
2015-04-24 00:50:43 Info: Le responsable des admissions Fathi Felhi a effectué une recherche d'un employé
2015-04-24 00:50:46 Info: Le responsable des admissions Fathi Felhi a consulté le dossier du patient Mehdi Moalla
2015-04-24 00:51:18 Info: Le responsable des admissions Fathi Felhi a consulté le formulaire d'admission
2015-04-24 00:51:22 Info: Le responsable des admissions Fathi Felhi a effectué une recherche d'un employé
2015-04-24 00:51:25 Info: Le responsable des admissions Fathi Felhi a consulté le dossier du patient Mehdi Moalla
2015-04-24 00:51:37 Info: Le responsable des admissions Fathi Felhi a consulté le formulaire d'admission
2015-04-24 00:52:21 Info: Le responsable des admissions Fathi Felhi a consulté la liste des employés
2015-04-24 00:55:55 Info: Le responsable des admissions Fathi Felhi a consulté le planning mensuel de l'hôpital
2015-04-24 00:56:00 Info: Le responsable des admissions Fathi Felhi a affiché les détail de la consultation Infection de l’œil gauche
2015-04-24 00:56:12 Info: Le responsable des admissions Fathi Felhi a consulté le formulaire d'admission
2015-04-24 00:56:20 Info: Le responsable des admissions Fathi Felhi a effectué une recherche d'un employé
2015-04-24 00:56:22 Info: Le responsable des admissions Fathi Felhi a consulté le dossier du patient Mehdi Moalla
2015-04-24 00:56:32 Info: Le responsable des admissions Fathi Felhi a consulté le formulaire d'admission
2015-04-24 00:56:37 Info: Le responsable des admissions Fathi Felhi a effectué une recherche d'un employé
2015-04-24 00:56:42 Info: Le responsable des admissions Fathi Felhi a consulté le dossier du patient Mehdi Moalla
2015-04-24 00:57:08 Info: Le responsable des admissions Fathi Felhi a consulté le planning mensuel de l'hôpital
2015-04-24 00:57:13 Info: Le responsable des admissions Fathi Felhi a affiché les détail de la consultation Infection de l’œil gauche
2015-04-24 00:57:23 Info: Le responsable des admissions Fathi Felhi a consulté le formulaire d'admission
2015-04-24 00:59:51 Info: Le responsable des admissions Fathi Felhi a consulté le planning mensuel de l'hôpital
2015-04-24 00:59:56 Info: Le responsable des admissions Fathi Felhi a affiché les détail de la consultation Infection de l’œil gauche
2015-04-24 01:00:06 Info: Le responsable des admissions Fathi Felhi a consulté le formulaire d'admission
2015-04-24 01:00:25 Info: Le responsable des admissions Fathi Felhi a consulté le formulaire d'admission
2015-04-24 01:02:12 Info: Le responsable des admissions Fathi Felhi s'est déconnecté.
