2015-04-24 00:07:26 Error: [MissingViewException] View file "C:\wamp\www\DCI\app\View\Pages\search_f_patient.ctp" is missing.
Exception Attributes: array (
  'file' => 'C:\\wamp\\www\\DCI\\app\\View\\Pages\\search_f_patient.ctp',
)
Request URL: /DCI/pages/search_f_patient/55396c32ec88a98c1d000029.json%22
Stack Trace:
#0 C:\wamp\www\DCI\lib\Cake\View\View.php(470): View->_getViewFileName(NULL)
#1 C:\wamp\www\DCI\lib\Cake\Controller\Controller.php(959): View->render(NULL, NULL)
#2 C:\wamp\www\DCI\lib\Cake\Routing\Dispatcher.php(200): Controller->render()
#3 C:\wamp\www\DCI\lib\Cake\Routing\Dispatcher.php(167): Dispatcher->_invoke(Object(PagesController), Object(CakeRequest))
#4 C:\wamp\www\DCI\app\webroot\index.php(108): Dispatcher->dispatch(Object(CakeRequest), Object(CakeResponse))
#5 {main}
2015-04-24 19:06:51 Error: Fatal Error (4): syntax error, unexpected 'elseif' (T_ELSEIF) in [C:\wamp\www\DCI\app\View\Pages\admin_home.ctp, line 80]
2015-04-24 19:06:51 Error: [FatalErrorException] syntax error, unexpected 'elseif' (T_ELSEIF)
Request URL: /DCI/admin
Stack Trace:
#0 C:\wamp\www\DCI\lib\Cake\Error\ErrorHandler.php(203): ErrorHandler::handleFatalError(4, 'syntax error, u...', 'C:\\wamp\\www\\DCI...', 80)
#1 [internal function]: ErrorHandler::handleError(4, 'syntax error, u...', 'C:\\wamp\\www\\DCI...', 80, Array)
#2 C:\wamp\www\DCI\lib\Cake\Core\App.php(931): call_user_func('ErrorHandler::h...', 4, 'syntax error, u...', 'C:\\wamp\\www\\DCI...', 80, Array)
#3 C:\wamp\www\DCI\lib\Cake\Core\App.php(904): App::_checkFatalError()
#4 [internal function]: App::shutdown()
#5 {main}
