2015-04-29 18:05:22 Info: L'administrateur Administrateur  a consulté les statistiques 
2015-04-29 18:05:26 Info: L'administrateur Administrateur  a consulté la liste des employés.
2015-04-29 18:05:27 Info: L'administrateur Administrateur  a consulté la liste des employés.
2015-04-29 18:05:29 Info: L'administrateur a consulté la liste des absences
2015-04-29 18:05:31 Info: L'administrateur a consulté la liste des absences
2015-04-29 18:05:33 Info: L'administrateur Administrateur  a consulté la liste des chambres.
2015-04-29 18:05:36 Info: L'administrateur a consulté toutes les activités des utilisateurs.
2015-04-29 18:05:42 Info: L'administrateur Administrateur  a consulté la liste des chambres.
2015-04-29 18:05:46 Info: L'administrateur a consulté toutes les activités des utilisateurs.
2015-04-29 18:05:54 Info: L'administrateur Administrateur  s'est déconnecté.
2015-04-29 18:06:14 Info: Le Technicien technique technique s'est connecté.
2015-04-29 18:06:44 Info: Le Technicien technique technique s'est déconnecté.
2015-04-29 18:07:23 Info: L'administrateur Karim Chebbi a ajouté des médicaments au stock 
2015-04-29 18:07:59 Info: L'administrateur Karim Chebbi a ajouté des médicaments au stock 
2015-05-02 00:14:03 Info: Le docteur Ali Jouini s'est connecté.
2015-05-02 00:14:04 Info: Le docteur Ali Jouini a consulté son planning journalier
2015-05-02 00:14:23 Info: Le docteur Ali Jouini a consulté son planning journalier
2015-05-02 00:14:49 Info: Le docteur Ali Jouini a consulté son planning journalier
2015-05-02 00:15:04 Info: Le docteur Ali Jouini a consulté son planning journalier
2015-05-02 00:15:16 Info: Le docteur Ali Jouini a consulté son planning journalier
2015-05-02 00:15:24 Info: Le docteur Ali Jouini a consulté son planning journalier
2015-05-02 00:15:45 Info: Le docteur Ali Jouini a consulté son planning journalier
2015-05-02 00:16:36 Info: Le docteur Ali Jouini a consulté son planning journalier
2015-05-02 00:18:04 Info: Le docteur Ali Jouini a consulté son planning journalier
2015-05-02 00:18:41 Info: Le docteur Ali Jouini a consulté son planning journalier
2015-05-02 00:19:57 Info: Le docteur Ali Jouini a consulté son planning journalier
2015-05-02 00:21:42 Info: Le docteur Ali Jouini a consulté son planning journalier
2015-05-02 00:23:57 Info: Le docteur Ali Jouini a consulté son planning journalier
2015-05-02 00:25:18 Info: Le docteur Ali Jouini a consulté son planning journalier
2015-05-02 00:25:44 Info: Le docteur Ali Jouini a consulté son planning journalier
2015-05-02 00:26:37 Info: Le docteur Ali Jouini a consulté son planning journalier
2015-05-02 00:26:48 Info: Le docteur Ali Jouini a consulté son planning journalier
2015-05-02 00:27:16 Info: Le docteur Ali Jouini a consulté son planning journalier
2015-05-02 00:27:25 Info: Le docteur Ali Jouini a consulté son planning journalier
2015-05-01 23:29:24 Info: Le docteur Ali Jouini a consulté son planning journalier
2015-05-01 23:29:40 Info: Le docteur Ali Jouini a consulté son planning journalier
2015-05-02 00:31:35 Info: Le docteur Ali Jouini s'est déconnecté.
2015-05-02 00:32:52 Info: Le docteur Ali Jouini s'est connecté.
2015-05-01 23:32:53 Info: Le docteur Ali Jouini a consulté son planning journalier
2015-05-02 00:33:08 Info: Le docteur Ali Jouini s'est déconnecté.
2015-05-02 00:33:45 Info: Le docteur Ali Jouini s'est connecté.
2015-05-01 23:33:46 Info: Le docteur Ali Jouini a consulté son planning journalier
2015-05-02 00:37:48 Info: Le docteur Ali Jouini s'est déconnecté.
2015-05-02 00:38:06 Info: Le docteur Ali Jouini s'est connecté.
2015-05-01 23:38:07 Info: Le docteur Ali Jouini a consulté son planning journalier
2015-05-02 00:38:11 Info: Le docteur Ali Jouini a consulté son planning mensuel
2015-05-02 00:44:37 Info: Le docteur Ali Jouini s'est déconnecté.
2015-05-07 13:45:49 Info: Le docteur Ali Jouini s'est connecté.
2015-05-07 12:45:50 Info: Le docteur Ali Jouini a consulté son planning journalier
2015-05-07 13:46:04 Info: Le docteur Ali Jouini s'est déconnecté.
2015-05-07 13:46:11 Info: Le Technicien technique technique s'est connecté.
